2020-06-08 00:23:53 TRACE Ims:32 - 
2020-06-08 00:23:53 DEBUG Ims:33 - 
2020-06-08 00:23:53 INFO  Ims:34 - 
2020-06-08 00:23:53 WARN  Ims:35 - 
2020-06-08 00:23:53 ERROR Ims:36 - 
2020-06-08 00:23:53 FATAL Ims:37 - 
2020-06-08 00:36:25 TRACE Ims:32 - 
2020-06-08 00:36:25 DEBUG Ims:33 - 
2020-06-08 00:36:25 INFO  Ims:34 - 
2020-06-08 00:36:25 WARN  Ims:35 - 
2020-06-08 00:36:25 ERROR Ims:36 - 
2020-06-08 00:36:25 FATAL Ims:37 - 
2020-06-08 01:05:31 TRACE Ims:32 - 
2020-06-08 01:05:31 DEBUG Ims:33 - 
2020-06-08 01:05:31 INFO  Ims:34 - 
2020-06-08 01:05:31 WARN  Ims:35 - 
2020-06-08 01:05:31 ERROR Ims:36 - 
2020-06-08 01:05:31 FATAL Ims:37 - 
2020-06-08 01:05:34 TRACE Ims:32 - 
2020-06-08 01:05:34 DEBUG Ims:33 - 
2020-06-08 01:05:34 INFO  Ims:34 - 
2020-06-08 01:05:34 WARN  Ims:35 - 
2020-06-08 01:05:34 ERROR Ims:36 - 
2020-06-08 01:05:34 FATAL Ims:37 - 
2020-06-08 01:05:47 WARN  Ims:64 - Not a valid choice, try again
2020-06-08 14:02:22 TRACE Ims:32 - 
2020-06-08 14:02:22 DEBUG Ims:33 - 
2020-06-08 14:02:22 INFO  Ims:34 - 
2020-06-08 14:02:22 WARN  Ims:35 - 
2020-06-08 14:02:22 ERROR Ims:36 - 
2020-06-08 14:02:22 FATAL Ims:37 - 
2020-06-08 14:03:01 TRACE Ims:32 - 
2020-06-08 14:03:01 DEBUG Ims:33 - 
2020-06-08 14:03:01 INFO  Ims:34 - 
2020-06-08 14:03:01 WARN  Ims:35 - 
2020-06-08 14:03:01 ERROR Ims:36 - 
2020-06-08 14:03:01 FATAL Ims:37 - 
2020-06-08 15:55:58 TRACE Ims:32 - 
2020-06-08 15:55:58 DEBUG Ims:33 - 
2020-06-08 15:55:58 INFO  Ims:34 - 
2020-06-08 15:55:58 WARN  Ims:35 - 
2020-06-08 15:55:58 ERROR Ims:36 - 
2020-06-08 15:55:58 FATAL Ims:37 - 
2020-06-08 17:47:59 TRACE Ims:32 - 
2020-06-08 17:47:59 DEBUG Ims:33 - 
2020-06-08 17:47:59 INFO  Ims:34 - 
2020-06-08 17:47:59 WARN  Ims:35 - 
2020-06-08 17:47:59 ERROR Ims:36 - 
2020-06-08 17:47:59 FATAL Ims:37 - 
2020-06-08 18:02:41 TRACE Ims:32 - 
2020-06-08 18:02:41 DEBUG Ims:33 - 
2020-06-08 18:02:41 INFO  Ims:34 - 
2020-06-08 18:02:41 WARN  Ims:35 - 
2020-06-08 18:02:41 ERROR Ims:36 - 
2020-06-08 18:02:41 FATAL Ims:37 - 
2020-06-08 18:09:12 TRACE Ims:32 - 
2020-06-08 18:09:12 DEBUG Ims:33 - 
2020-06-08 18:09:12 INFO  Ims:34 - 
2020-06-08 18:09:12 WARN  Ims:35 - 
2020-06-08 18:09:12 ERROR Ims:36 - 
2020-06-08 18:09:12 FATAL Ims:37 - 
2020-06-08 18:09:21 TRACE Ims:32 - 
2020-06-08 18:09:21 DEBUG Ims:33 - 
2020-06-08 18:09:21 INFO  Ims:34 - 
2020-06-08 18:09:21 WARN  Ims:35 - 
2020-06-08 18:09:21 ERROR Ims:36 - 
2020-06-08 18:09:21 FATAL Ims:37 - 
2020-06-08 18:10:09 TRACE Ims:32 - 
2020-06-08 18:10:09 DEBUG Ims:33 - 
2020-06-08 18:10:09 INFO  Ims:34 - 
2020-06-08 18:10:09 WARN  Ims:35 - 
2020-06-08 18:10:09 ERROR Ims:36 - 
2020-06-08 18:10:09 FATAL Ims:37 - 
2020-06-08 18:10:29 TRACE Ims:32 - 
2020-06-08 18:10:29 DEBUG Ims:33 - 
2020-06-08 18:10:29 INFO  Ims:34 - 
2020-06-08 18:10:29 WARN  Ims:35 - 
2020-06-08 18:10:29 ERROR Ims:36 - 
2020-06-08 18:10:29 FATAL Ims:37 - 
2020-06-08 18:11:40 TRACE Ims:32 - 
2020-06-08 18:11:40 DEBUG Ims:33 - 
2020-06-08 18:11:40 INFO  Ims:34 - 
2020-06-08 18:11:40 WARN  Ims:35 - 
2020-06-08 18:11:40 ERROR Ims:36 - 
2020-06-08 18:11:40 FATAL Ims:37 - 
2020-06-08 18:19:22 TRACE Ims:32 - 
2020-06-08 18:19:22 DEBUG Ims:33 - 
2020-06-08 18:19:22 INFO  Ims:34 - 
2020-06-08 18:19:22 WARN  Ims:35 - 
2020-06-08 18:19:22 ERROR Ims:36 - 
2020-06-08 18:19:22 FATAL Ims:37 - 
2020-06-08 18:19:45 TRACE Ims:32 - 
2020-06-08 18:19:45 DEBUG Ims:33 - 
2020-06-08 18:19:45 INFO  Ims:34 - 
2020-06-08 18:19:45 WARN  Ims:35 - 
2020-06-08 18:19:45 ERROR Ims:36 - 
2020-06-08 18:19:45 FATAL Ims:37 - 
2020-06-08 18:20:58 TRACE Ims:32 - 
2020-06-08 18:20:58 DEBUG Ims:33 - 
2020-06-08 18:20:58 INFO  Ims:34 - 
2020-06-08 18:20:58 WARN  Ims:35 - 
2020-06-08 18:20:58 ERROR Ims:36 - 
2020-06-08 18:20:58 FATAL Ims:37 - 
2020-06-08 18:21:05 TRACE Ims:32 - 
2020-06-08 18:21:05 DEBUG Ims:33 - 
2020-06-08 18:21:05 INFO  Ims:34 - 
2020-06-08 18:21:05 WARN  Ims:35 - 
2020-06-08 18:21:05 ERROR Ims:36 - 
2020-06-08 18:21:05 FATAL Ims:37 - 
2020-06-08 18:22:18 TRACE Ims:32 - 
2020-06-08 18:22:18 DEBUG Ims:33 - 
2020-06-08 18:22:18 INFO  Ims:34 - 
2020-06-08 18:22:18 WARN  Ims:35 - 
2020-06-08 18:22:18 ERROR Ims:36 - 
2020-06-08 18:22:18 FATAL Ims:37 - 
2020-06-08 18:38:10 TRACE Ims:32 - 
2020-06-08 18:38:10 DEBUG Ims:33 - 
2020-06-08 18:38:10 INFO  Ims:34 - 
2020-06-08 18:38:10 WARN  Ims:35 - 
2020-06-08 18:38:10 ERROR Ims:36 - 
2020-06-08 18:38:10 FATAL Ims:37 - 
2020-06-08 18:58:14 TRACE Ims:32 - 
2020-06-08 18:58:14 DEBUG Ims:33 - 
2020-06-08 18:58:14 INFO  Ims:34 - 
2020-06-08 18:58:14 WARN  Ims:35 - 
2020-06-08 18:58:14 ERROR Ims:36 - 
2020-06-08 18:58:14 FATAL Ims:37 - 
2020-06-08 19:31:05 TRACE Ims:32 - 
2020-06-08 19:31:05 DEBUG Ims:33 - 
2020-06-08 19:31:05 INFO  Ims:34 - 
2020-06-08 19:31:05 WARN  Ims:35 - 
2020-06-08 19:31:05 ERROR Ims:36 - 
2020-06-08 19:31:05 FATAL Ims:37 - 
2020-06-08 19:55:12 TRACE Ims:33 - 
2020-06-08 19:55:12 DEBUG Ims:34 - 
2020-06-08 19:55:12 INFO  Ims:35 - 
2020-06-08 19:55:12 WARN  Ims:36 - 
2020-06-08 19:55:12 ERROR Ims:37 - 
2020-06-08 19:55:12 FATAL Ims:38 - 
2020-06-08 19:56:17 TRACE Ims:33 - 
2020-06-08 19:56:17 DEBUG Ims:34 - 
2020-06-08 19:56:17 INFO  Ims:35 - 
2020-06-08 19:56:17 WARN  Ims:36 - 
2020-06-08 19:56:17 ERROR Ims:37 - 
2020-06-08 19:56:17 FATAL Ims:38 - 
2020-06-08 20:03:12 TRACE Ims:33 - 
2020-06-08 20:03:12 DEBUG Ims:34 - 
2020-06-08 20:03:12 INFO  Ims:35 - 
2020-06-08 20:03:12 WARN  Ims:36 - 
2020-06-08 20:03:12 ERROR Ims:37 - 
2020-06-08 20:03:12 FATAL Ims:38 - 
2020-06-08 20:03:43 TRACE Ims:33 - 
2020-06-08 20:03:43 DEBUG Ims:34 - 
2020-06-08 20:03:43 INFO  Ims:35 - 
2020-06-08 20:03:43 WARN  Ims:36 - 
2020-06-08 20:03:43 ERROR Ims:37 - 
2020-06-08 20:03:43 FATAL Ims:38 - 
2020-06-08 20:04:36 TRACE Ims:33 - 
2020-06-08 20:04:36 DEBUG Ims:34 - 
2020-06-08 20:04:36 INFO  Ims:35 - 
2020-06-08 20:04:36 WARN  Ims:36 - 
2020-06-08 20:04:36 ERROR Ims:37 - 
2020-06-08 20:04:36 FATAL Ims:38 - 
2020-06-08 20:04:43 TRACE Ims:33 - 
2020-06-08 20:04:43 DEBUG Ims:34 - 
2020-06-08 20:04:43 INFO  Ims:35 - 
2020-06-08 20:04:43 WARN  Ims:36 - 
2020-06-08 20:04:43 ERROR Ims:37 - 
2020-06-08 20:04:43 FATAL Ims:38 - 
2020-06-08 20:05:04 TRACE Ims:33 - 
2020-06-08 20:05:04 DEBUG Ims:34 - 
2020-06-08 20:05:04 INFO  Ims:35 - 
2020-06-08 20:05:04 WARN  Ims:36 - 
2020-06-08 20:05:04 ERROR Ims:37 - 
2020-06-08 20:05:04 FATAL Ims:38 - 
2020-06-08 20:07:41 TRACE Ims:33 - 
2020-06-08 20:07:41 DEBUG Ims:34 - 
2020-06-08 20:07:41 INFO  Ims:35 - 
2020-06-08 20:07:41 WARN  Ims:36 - 
2020-06-08 20:07:41 ERROR Ims:37 - 
2020-06-08 20:07:41 FATAL Ims:38 - 
2020-06-08 20:08:15 TRACE Ims:33 - 
2020-06-08 20:08:15 DEBUG Ims:34 - 
2020-06-08 20:08:15 INFO  Ims:35 - 
2020-06-08 20:08:15 WARN  Ims:36 - 
2020-06-08 20:08:15 ERROR Ims:37 - 
2020-06-08 20:08:15 FATAL Ims:38 - 
2020-06-08 20:08:27 TRACE Ims:33 - 
2020-06-08 20:08:27 DEBUG Ims:34 - 
2020-06-08 20:08:27 INFO  Ims:35 - 
2020-06-08 20:08:27 WARN  Ims:36 - 
2020-06-08 20:08:27 ERROR Ims:37 - 
2020-06-08 20:08:27 FATAL Ims:38 - 
2020-06-08 20:09:55 TRACE Ims:33 - 
2020-06-08 20:09:55 DEBUG Ims:34 - 
2020-06-08 20:09:55 INFO  Ims:35 - 
2020-06-08 20:09:55 WARN  Ims:36 - 
2020-06-08 20:09:55 ERROR Ims:37 - 
2020-06-08 20:09:55 FATAL Ims:38 - 
2020-06-08 20:10:26 TRACE Ims:33 - 
2020-06-08 20:10:26 DEBUG Ims:34 - 
2020-06-08 20:10:26 INFO  Ims:35 - 
2020-06-08 20:10:26 WARN  Ims:36 - 
2020-06-08 20:10:26 ERROR Ims:37 - 
2020-06-08 20:10:26 FATAL Ims:38 - 
2020-06-08 20:10:48 TRACE Ims:33 - 
2020-06-08 20:10:48 DEBUG Ims:34 - 
2020-06-08 20:10:48 INFO  Ims:35 - 
2020-06-08 20:10:48 WARN  Ims:36 - 
2020-06-08 20:10:48 ERROR Ims:37 - 
2020-06-08 20:10:48 FATAL Ims:38 - 
2020-06-08 20:10:56 TRACE Ims:33 - 
2020-06-08 20:10:56 DEBUG Ims:34 - 
2020-06-08 20:10:56 INFO  Ims:35 - 
2020-06-08 20:10:56 WARN  Ims:36 - 
2020-06-08 20:10:56 ERROR Ims:37 - 
2020-06-08 20:10:56 FATAL Ims:38 - 
2020-06-08 20:11:27 TRACE Ims:33 - 
2020-06-08 20:11:27 DEBUG Ims:34 - 
2020-06-08 20:11:27 INFO  Ims:35 - 
2020-06-08 20:11:27 WARN  Ims:36 - 
2020-06-08 20:11:27 ERROR Ims:37 - 
2020-06-08 20:11:27 FATAL Ims:38 - 
2020-06-08 20:11:47 TRACE Ims:33 - 
2020-06-08 20:11:47 DEBUG Ims:34 - 
2020-06-08 20:11:47 INFO  Ims:35 - 
2020-06-08 20:11:47 WARN  Ims:36 - 
2020-06-08 20:11:47 ERROR Ims:37 - 
2020-06-08 20:11:47 FATAL Ims:38 - 
2020-06-08 20:12:02 TRACE Ims:33 - 
2020-06-08 20:12:02 DEBUG Ims:34 - 
2020-06-08 20:12:02 INFO  Ims:35 - 
2020-06-08 20:12:02 WARN  Ims:36 - 
2020-06-08 20:12:02 ERROR Ims:37 - 
2020-06-08 20:12:02 FATAL Ims:38 - 
2020-06-08 20:12:48 TRACE Ims:33 - 
2020-06-08 20:12:48 DEBUG Ims:34 - 
2020-06-08 20:12:48 INFO  Ims:35 - 
2020-06-08 20:12:48 WARN  Ims:36 - 
2020-06-08 20:12:48 ERROR Ims:37 - 
2020-06-08 20:12:48 FATAL Ims:38 - 
2020-06-08 20:26:46 TRACE Ims:33 - 
2020-06-08 20:26:46 DEBUG Ims:34 - 
2020-06-08 20:26:46 INFO  Ims:35 - 
2020-06-08 20:26:46 WARN  Ims:36 - 
2020-06-08 20:26:46 ERROR Ims:37 - 
2020-06-08 20:26:46 FATAL Ims:38 - 
2020-06-08 20:31:50 TRACE Ims:33 - 
2020-06-08 20:31:50 DEBUG Ims:34 - 
2020-06-08 20:31:50 INFO  Ims:35 - 
2020-06-08 20:31:50 WARN  Ims:36 - 
2020-06-08 20:31:50 ERROR Ims:37 - 
2020-06-08 20:31:50 FATAL Ims:38 - 
2020-06-08 20:37:05 TRACE Ims:33 - 
2020-06-08 20:37:05 DEBUG Ims:34 - 
2020-06-08 20:37:05 INFO  Ims:35 - 
2020-06-08 20:37:05 WARN  Ims:36 - 
2020-06-08 20:37:05 ERROR Ims:37 - 
2020-06-08 20:37:05 FATAL Ims:38 - 
2020-06-08 20:38:11 TRACE Ims:33 - 
2020-06-08 20:38:11 DEBUG Ims:34 - 
2020-06-08 20:38:11 INFO  Ims:35 - 
2020-06-08 20:38:11 WARN  Ims:36 - 
2020-06-08 20:38:11 ERROR Ims:37 - 
2020-06-08 20:38:11 FATAL Ims:38 - 
2020-06-08 20:41:59 TRACE Ims:33 - 
2020-06-08 20:41:59 DEBUG Ims:34 - 
2020-06-08 20:41:59 INFO  Ims:35 - 
2020-06-08 20:41:59 WARN  Ims:36 - 
2020-06-08 20:41:59 ERROR Ims:37 - 
2020-06-08 20:41:59 FATAL Ims:38 - 
2020-06-08 20:43:09 TRACE Ims:33 - 
2020-06-08 20:43:09 DEBUG Ims:34 - 
2020-06-08 20:43:09 INFO  Ims:35 - 
2020-06-08 20:43:09 WARN  Ims:36 - 
2020-06-08 20:43:09 ERROR Ims:37 - 
2020-06-08 20:43:09 FATAL Ims:38 - 
2020-06-08 20:46:04 TRACE Ims:33 - 
2020-06-08 20:46:04 DEBUG Ims:34 - 
2020-06-08 20:46:04 INFO  Ims:35 - 
2020-06-08 20:46:04 WARN  Ims:36 - 
2020-06-08 20:46:04 ERROR Ims:37 - 
2020-06-08 20:46:04 FATAL Ims:38 - 
2020-06-08 20:51:10 TRACE Ims:33 - 
2020-06-08 20:51:10 DEBUG Ims:34 - 
2020-06-08 20:51:10 INFO  Ims:35 - 
2020-06-08 20:51:10 WARN  Ims:36 - 
2020-06-08 20:51:10 ERROR Ims:37 - 
2020-06-08 20:51:10 FATAL Ims:38 - 
2020-06-08 20:51:53 TRACE Ims:33 - 
2020-06-08 20:51:53 DEBUG Ims:34 - 
2020-06-08 20:51:53 INFO  Ims:35 - 
2020-06-08 20:51:53 WARN  Ims:36 - 
2020-06-08 20:51:53 ERROR Ims:37 - 
2020-06-08 20:51:53 FATAL Ims:38 - 
2020-06-08 20:54:21 TRACE Ims:33 - 
2020-06-08 20:54:21 DEBUG Ims:34 - 
2020-06-08 20:54:21 INFO  Ims:35 - 
2020-06-08 20:54:21 WARN  Ims:36 - 
2020-06-08 20:54:21 ERROR Ims:37 - 
2020-06-08 20:54:21 FATAL Ims:38 - 
2020-06-08 20:55:54 TRACE Ims:33 - 
2020-06-08 20:55:54 DEBUG Ims:34 - 
2020-06-08 20:55:54 INFO  Ims:35 - 
2020-06-08 20:55:54 WARN  Ims:36 - 
2020-06-08 20:55:54 ERROR Ims:37 - 
2020-06-08 20:55:54 FATAL Ims:38 - 
2020-06-08 20:55:57 WARN  Ims:65 - Not a valid choice, try again
2020-06-08 20:55:58 WARN  Ims:65 - Not a valid choice, try again
2020-06-08 21:16:16 TRACE Ims:33 - 
2020-06-08 21:16:16 DEBUG Ims:34 - 
2020-06-08 21:16:16 INFO  Ims:35 - 
2020-06-08 21:16:16 WARN  Ims:36 - 
2020-06-08 21:16:16 ERROR Ims:37 - 
2020-06-08 21:16:16 FATAL Ims:38 - 
2020-06-08 21:20:05 TRACE Ims:33 - 
2020-06-08 21:20:05 DEBUG Ims:34 - 
2020-06-08 21:20:05 INFO  Ims:35 - 
2020-06-08 21:20:05 WARN  Ims:36 - 
2020-06-08 21:20:05 ERROR Ims:37 - 
2020-06-08 21:20:05 FATAL Ims:38 - 
2020-06-08 21:20:18 TRACE Ims:33 - 
2020-06-08 21:20:18 DEBUG Ims:34 - 
2020-06-08 21:20:18 INFO  Ims:35 - 
2020-06-08 21:20:18 WARN  Ims:36 - 
2020-06-08 21:20:18 ERROR Ims:37 - 
2020-06-08 21:20:18 FATAL Ims:38 - 
2020-06-08 21:28:19 TRACE Ims:33 - 
2020-06-08 21:28:19 DEBUG Ims:34 - 
2020-06-08 21:28:19 INFO  Ims:35 - 
2020-06-08 21:28:19 WARN  Ims:36 - 
2020-06-08 21:28:19 ERROR Ims:37 - 
2020-06-08 21:28:19 FATAL Ims:38 - 
2020-06-08 21:28:29 TRACE Ims:33 - 
2020-06-08 21:28:29 DEBUG Ims:34 - 
2020-06-08 21:28:29 INFO  Ims:35 - 
2020-06-08 21:28:29 WARN  Ims:36 - 
2020-06-08 21:28:29 ERROR Ims:37 - 
2020-06-08 21:28:29 FATAL Ims:38 - 
2020-06-08 21:29:07 TRACE Ims:33 - 
2020-06-08 21:29:07 DEBUG Ims:34 - 
2020-06-08 21:29:07 INFO  Ims:35 - 
2020-06-08 21:29:07 WARN  Ims:36 - 
2020-06-08 21:29:07 ERROR Ims:37 - 
2020-06-08 21:29:07 FATAL Ims:38 - 
2020-06-08 21:29:17 TRACE Ims:33 - 
2020-06-08 21:29:17 DEBUG Ims:34 - 
2020-06-08 21:29:17 INFO  Ims:35 - 
2020-06-08 21:29:17 WARN  Ims:36 - 
2020-06-08 21:29:17 ERROR Ims:37 - 
2020-06-08 21:29:17 FATAL Ims:38 - 
2020-06-08 21:30:10 TRACE Ims:33 - 
2020-06-08 21:30:10 DEBUG Ims:34 - 
2020-06-08 21:30:10 INFO  Ims:35 - 
2020-06-08 21:30:10 WARN  Ims:36 - 
2020-06-08 21:30:10 ERROR Ims:37 - 
2020-06-08 21:30:10 FATAL Ims:38 - 
2020-06-08 21:41:33 TRACE Ims:33 - 
2020-06-08 21:41:33 DEBUG Ims:34 - 
2020-06-08 21:41:33 INFO  Ims:35 - 
2020-06-08 21:41:33 WARN  Ims:36 - 
2020-06-08 21:41:33 ERROR Ims:37 - 
2020-06-08 21:41:33 FATAL Ims:38 - 
2020-06-08 21:41:44 TRACE Ims:33 - 
2020-06-08 21:41:44 DEBUG Ims:34 - 
2020-06-08 21:41:44 INFO  Ims:35 - 
2020-06-08 21:41:44 WARN  Ims:36 - 
2020-06-08 21:41:44 ERROR Ims:37 - 
2020-06-08 21:41:44 FATAL Ims:38 - 
2020-06-08 21:43:05 TRACE Ims:33 - 
2020-06-08 21:43:05 DEBUG Ims:34 - 
2020-06-08 21:43:05 INFO  Ims:35 - 
2020-06-08 21:43:05 WARN  Ims:36 - 
2020-06-08 21:43:05 ERROR Ims:37 - 
2020-06-08 21:43:05 FATAL Ims:38 - 
2020-06-08 21:43:14 TRACE Ims:33 - 
2020-06-08 21:43:14 DEBUG Ims:34 - 
2020-06-08 21:43:14 INFO  Ims:35 - 
2020-06-08 21:43:14 WARN  Ims:36 - 
2020-06-08 21:43:14 ERROR Ims:37 - 
2020-06-08 21:43:14 FATAL Ims:38 - 
2020-06-08 21:48:50 TRACE Ims:33 - 
2020-06-08 21:48:50 DEBUG Ims:34 - 
2020-06-08 21:48:50 INFO  Ims:35 - 
2020-06-08 21:48:50 WARN  Ims:36 - 
2020-06-08 21:48:50 ERROR Ims:37 - 
2020-06-08 21:48:50 FATAL Ims:38 - 
2020-06-08 21:49:50 TRACE Ims:33 - 
2020-06-08 21:49:50 DEBUG Ims:34 - 
2020-06-08 21:49:50 INFO  Ims:35 - 
2020-06-08 21:49:50 WARN  Ims:36 - 
2020-06-08 21:49:50 ERROR Ims:37 - 
2020-06-08 21:49:50 FATAL Ims:38 - 
2020-06-08 21:50:04 TRACE Ims:33 - 
2020-06-08 21:50:04 DEBUG Ims:34 - 
2020-06-08 21:50:04 INFO  Ims:35 - 
2020-06-08 21:50:04 WARN  Ims:36 - 
2020-06-08 21:50:04 ERROR Ims:37 - 
2020-06-08 21:50:04 FATAL Ims:38 - 
2020-06-08 22:28:11 WARN  Ims:65 - Not a valid choice, try again
2020-06-08 22:28:48 TRACE Ims:33 - 
2020-06-08 22:28:48 DEBUG Ims:34 - 
2020-06-08 22:28:48 INFO  Ims:35 - 
2020-06-08 22:28:48 WARN  Ims:36 - 
2020-06-08 22:28:48 ERROR Ims:37 - 
2020-06-08 22:28:48 FATAL Ims:38 - 
2020-06-08 22:35:22 TRACE Ims:33 - 
2020-06-08 22:35:22 DEBUG Ims:34 - 
2020-06-08 22:35:22 INFO  Ims:35 - 
2020-06-08 22:35:22 WARN  Ims:36 - 
2020-06-08 22:35:22 ERROR Ims:37 - 
2020-06-08 22:35:22 FATAL Ims:38 - 
2020-06-08 23:04:49 TRACE Ims:33 - 
2020-06-08 23:04:49 DEBUG Ims:34 - 
2020-06-08 23:04:49 INFO  Ims:35 - 
2020-06-08 23:04:49 WARN  Ims:36 - 
2020-06-08 23:04:49 ERROR Ims:37 - 
2020-06-08 23:04:49 FATAL Ims:38 - 
2020-06-08 23:08:36 TRACE Ims:33 - 
2020-06-08 23:08:36 DEBUG Ims:34 - 
2020-06-08 23:08:36 INFO  Ims:35 - 
2020-06-08 23:08:36 WARN  Ims:36 - 
2020-06-08 23:08:36 ERROR Ims:37 - 
2020-06-08 23:08:36 FATAL Ims:38 - 
2020-06-08 23:09:23 TRACE Ims:33 - 
2020-06-08 23:09:23 DEBUG Ims:34 - 
2020-06-08 23:09:23 INFO  Ims:35 - 
2020-06-08 23:09:23 WARN  Ims:36 - 
2020-06-08 23:09:23 ERROR Ims:37 - 
2020-06-08 23:09:23 FATAL Ims:38 - 
2020-06-08 23:09:30 TRACE Ims:33 - 
2020-06-08 23:09:30 DEBUG Ims:34 - 
2020-06-08 23:09:30 INFO  Ims:35 - 
2020-06-08 23:09:30 WARN  Ims:36 - 
2020-06-08 23:09:30 ERROR Ims:37 - 
2020-06-08 23:09:30 FATAL Ims:38 - 
2020-06-08 23:09:54 TRACE Ims:33 - 
2020-06-08 23:09:54 DEBUG Ims:34 - 
2020-06-08 23:09:54 INFO  Ims:35 - 
2020-06-08 23:09:54 WARN  Ims:36 - 
2020-06-08 23:09:54 ERROR Ims:37 - 
2020-06-08 23:09:54 FATAL Ims:38 - 
2020-06-08 23:17:04 TRACE Ims:33 - 
2020-06-08 23:17:04 DEBUG Ims:34 - 
2020-06-08 23:17:04 INFO  Ims:35 - 
2020-06-08 23:17:04 WARN  Ims:36 - 
2020-06-08 23:17:04 ERROR Ims:37 - 
2020-06-08 23:17:04 FATAL Ims:38 - 
2020-06-08 23:17:16 TRACE Ims:33 - 
2020-06-08 23:17:16 DEBUG Ims:34 - 
2020-06-08 23:17:16 INFO  Ims:35 - 
2020-06-08 23:17:16 WARN  Ims:36 - 
2020-06-08 23:17:16 ERROR Ims:37 - 
2020-06-08 23:17:16 FATAL Ims:38 - 
2020-06-08 23:52:39 TRACE Ims:33 - 
2020-06-08 23:52:39 DEBUG Ims:34 - 
2020-06-08 23:52:39 INFO  Ims:35 - 
2020-06-08 23:52:39 WARN  Ims:36 - 
2020-06-08 23:52:39 ERROR Ims:37 - 
2020-06-08 23:52:39 FATAL Ims:38 - 
2020-06-08 23:53:57 TRACE Ims:33 - 
2020-06-08 23:53:57 DEBUG Ims:34 - 
2020-06-08 23:53:57 INFO  Ims:35 - 
2020-06-08 23:53:57 WARN  Ims:36 - 
2020-06-08 23:53:57 ERROR Ims:37 - 
2020-06-08 23:53:57 FATAL Ims:38 - 
2020-06-08 23:55:14 TRACE Ims:33 - 
2020-06-08 23:55:14 DEBUG Ims:34 - 
2020-06-08 23:55:14 INFO  Ims:35 - 
2020-06-08 23:55:14 WARN  Ims:36 - 
2020-06-08 23:55:14 ERROR Ims:37 - 
2020-06-08 23:55:14 FATAL Ims:38 - 
2020-06-08 23:55:44 TRACE Ims:33 - 
2020-06-08 23:55:44 DEBUG Ims:34 - 
2020-06-08 23:55:44 INFO  Ims:35 - 
2020-06-08 23:55:44 WARN  Ims:36 - 
2020-06-08 23:55:44 ERROR Ims:37 - 
2020-06-08 23:55:44 FATAL Ims:38 - 
2020-06-08 23:58:17 TRACE Ims:33 - 
2020-06-08 23:58:17 DEBUG Ims:34 - 
2020-06-08 23:58:17 INFO  Ims:35 - 
2020-06-08 23:58:17 WARN  Ims:36 - 
2020-06-08 23:58:17 ERROR Ims:37 - 
2020-06-08 23:58:17 FATAL Ims:38 - 
2020-06-08 23:59:16 TRACE Ims:33 - 
2020-06-08 23:59:16 DEBUG Ims:34 - 
2020-06-08 23:59:16 INFO  Ims:35 - 
2020-06-08 23:59:16 WARN  Ims:36 - 
2020-06-08 23:59:16 ERROR Ims:37 - 
2020-06-08 23:59:16 FATAL Ims:38 - 
2020-06-09 00:28:19 TRACE Ims:33 - 
2020-06-09 00:28:19 DEBUG Ims:34 - 
2020-06-09 00:28:19 INFO  Ims:35 - 
2020-06-09 00:28:19 WARN  Ims:36 - 
2020-06-09 00:28:19 ERROR Ims:37 - 
2020-06-09 00:28:19 FATAL Ims:38 - 
2020-06-09 00:35:09 TRACE Ims:33 - 
2020-06-09 00:35:09 DEBUG Ims:34 - 
2020-06-09 00:35:09 INFO  Ims:35 - 
2020-06-09 00:35:09 WARN  Ims:36 - 
2020-06-09 00:35:09 ERROR Ims:37 - 
2020-06-09 00:35:09 FATAL Ims:38 - 
2020-06-09 00:37:43 TRACE Ims:33 - 
2020-06-09 00:37:43 DEBUG Ims:34 - 
2020-06-09 00:37:43 INFO  Ims:35 - 
2020-06-09 00:37:43 WARN  Ims:36 - 
2020-06-09 00:37:43 ERROR Ims:37 - 
2020-06-09 00:37:43 FATAL Ims:38 - 
2020-06-09 00:38:13 TRACE Ims:33 - 
2020-06-09 00:38:13 DEBUG Ims:34 - 
2020-06-09 00:38:13 INFO  Ims:35 - 
2020-06-09 00:38:13 WARN  Ims:36 - 
2020-06-09 00:38:13 ERROR Ims:37 - 
2020-06-09 00:38:13 FATAL Ims:38 - 
2020-06-09 00:43:24 TRACE Ims:33 - 
2020-06-09 00:43:24 DEBUG Ims:34 - 
2020-06-09 00:43:24 INFO  Ims:35 - 
2020-06-09 00:43:24 WARN  Ims:36 - 
2020-06-09 00:43:24 ERROR Ims:37 - 
2020-06-09 00:43:24 FATAL Ims:38 - 
2020-06-09 00:44:27 TRACE Ims:33 - 
2020-06-09 00:44:27 DEBUG Ims:34 - 
2020-06-09 00:44:27 INFO  Ims:35 - 
2020-06-09 00:44:27 WARN  Ims:36 - 
2020-06-09 00:44:27 ERROR Ims:37 - 
2020-06-09 00:44:27 FATAL Ims:38 - 
2020-06-09 00:48:06 TRACE Ims:33 - 
2020-06-09 00:48:06 DEBUG Ims:34 - 
2020-06-09 00:48:06 INFO  Ims:35 - 
2020-06-09 00:48:06 WARN  Ims:36 - 
2020-06-09 00:48:06 ERROR Ims:37 - 
2020-06-09 00:48:06 FATAL Ims:38 - 
2020-06-09 00:49:15 TRACE Ims:33 - 
2020-06-09 00:49:15 DEBUG Ims:34 - 
2020-06-09 00:49:15 INFO  Ims:35 - 
2020-06-09 00:49:15 WARN  Ims:36 - 
2020-06-09 00:49:15 ERROR Ims:37 - 
2020-06-09 00:49:15 FATAL Ims:38 - 
2020-06-09 00:49:25 TRACE Ims:33 - 
2020-06-09 00:49:25 DEBUG Ims:34 - 
2020-06-09 00:49:25 INFO  Ims:35 - 
2020-06-09 00:49:25 WARN  Ims:36 - 
2020-06-09 00:49:25 ERROR Ims:37 - 
2020-06-09 00:49:25 FATAL Ims:38 - 
2020-06-09 01:10:49 TRACE Ims:33 - 
2020-06-09 01:10:49 DEBUG Ims:34 - 
2020-06-09 01:10:49 INFO  Ims:35 - 
2020-06-09 01:10:49 WARN  Ims:36 - 
2020-06-09 01:10:49 ERROR Ims:37 - 
2020-06-09 01:10:49 FATAL Ims:38 - 
2020-06-09 01:10:54 TRACE Ims:33 - 
2020-06-09 01:10:54 DEBUG Ims:34 - 
2020-06-09 01:10:54 INFO  Ims:35 - 
2020-06-09 01:10:54 WARN  Ims:36 - 
2020-06-09 01:10:54 ERROR Ims:37 - 
2020-06-09 01:10:54 FATAL Ims:38 - 
2020-06-09 01:13:37 TRACE Ims:33 - 
2020-06-09 01:13:37 DEBUG Ims:34 - 
2020-06-09 01:13:37 INFO  Ims:35 - 
2020-06-09 01:13:37 WARN  Ims:36 - 
2020-06-09 01:13:37 ERROR Ims:37 - 
2020-06-09 01:13:37 FATAL Ims:38 - 
2020-06-09 01:15:34 TRACE Ims:33 - 
2020-06-09 01:15:34 DEBUG Ims:34 - 
2020-06-09 01:15:34 INFO  Ims:35 - 
2020-06-09 01:15:34 WARN  Ims:36 - 
2020-06-09 01:15:34 ERROR Ims:37 - 
2020-06-09 01:15:34 FATAL Ims:38 - 
2020-06-09 01:25:27 TRACE Ims:33 - 
2020-06-09 01:25:27 DEBUG Ims:34 - 
2020-06-09 01:25:27 INFO  Ims:35 - 
2020-06-09 01:25:27 WARN  Ims:36 - 
2020-06-09 01:25:27 ERROR Ims:37 - 
2020-06-09 01:25:27 FATAL Ims:38 - 
2020-06-09 01:26:36 TRACE Ims:33 - 
2020-06-09 01:26:36 DEBUG Ims:34 - 
2020-06-09 01:26:36 INFO  Ims:35 - 
2020-06-09 01:26:36 WARN  Ims:36 - 
2020-06-09 01:26:36 ERROR Ims:37 - 
2020-06-09 01:26:36 FATAL Ims:38 - 
2020-06-09 01:27:23 TRACE Ims:33 - 
2020-06-09 01:27:23 DEBUG Ims:34 - 
2020-06-09 01:27:23 INFO  Ims:35 - 
2020-06-09 01:27:23 WARN  Ims:36 - 
2020-06-09 01:27:23 ERROR Ims:37 - 
2020-06-09 01:27:23 FATAL Ims:38 - 
2020-06-09 09:01:39 TRACE Ims:33 - 
2020-06-09 09:01:39 DEBUG Ims:34 - 
2020-06-09 09:01:39 INFO  Ims:35 - 
2020-06-09 09:01:39 WARN  Ims:36 - 
2020-06-09 09:01:39 ERROR Ims:37 - 
2020-06-09 09:01:39 FATAL Ims:38 - 
2020-06-09 09:03:33 TRACE Ims:33 - 
2020-06-09 09:03:33 DEBUG Ims:34 - 
2020-06-09 09:03:33 INFO  Ims:35 - 
2020-06-09 09:03:33 WARN  Ims:36 - 
2020-06-09 09:03:33 ERROR Ims:37 - 
2020-06-09 09:03:33 FATAL Ims:38 - 
2020-06-09 09:44:28 TRACE Ims:33 - 
2020-06-09 09:44:28 DEBUG Ims:34 - 
2020-06-09 09:44:28 INFO  Ims:35 - 
2020-06-09 09:44:28 WARN  Ims:36 - 
2020-06-09 09:44:28 ERROR Ims:37 - 
2020-06-09 09:44:28 FATAL Ims:38 - 
2020-06-09 12:21:49 WARN  Ims:66 - Not a valid choice, try again
2020-06-09 16:32:47 WARN  Ims:67 - Not a valid choice, try again
